[08:44:20] [main/INFO]: ModLauncher running: args [--username, 114514, --version, 1.21.8-NeoForge_21.8.13, --gameDir, D:\mc\testmc\.minecraft, --assetsDir, D:\mc\testmc\.minecraft\assets, --assetIndex, 26, --uuid, 6c03ec9536b9385cb35828d2fe101bc8, --accessToken, ❄❄❄❄❄❄❄❄, --clientId, ${clientid}, --xuid, ${auth_xuid}, --userType, Legacy, --versionType, PCL.Nova.Plus, --fml.neoForgeVersion, 21.8.13, --fml.fmlVersion, 9.0.16, --fml.mcVersion, 1.21.8, --fml.neoFormVersion, 20250717.133445, --launchTarget, neoforgeclient, --width, 854, --height, 480]
[08:44:20] [main/INFO]: JVM identified as Oracle Corporation Java HotSpot(TM) 64-Bit Server VM 21.0.8+12-LTS-250
[08:44:20] [main/INFO]: ModLauncher 9.0 starting: java version 21.0.8 by Oracle Corporation; OS Windows 10 arch amd64 version 10.0
[08:44:21] [main/INFO]: Loading ImmediateWindowProvider fmlearlywindow
[08:44:21] [main/INFO]: SpongePowered MIXIN Subsystem Version=0.8.7 Source=union:/D:/mc/testmc/.minecraft/libraries/net/fabricmc/sponge-mixin/0.15.2+mixin.0.8.7/sponge-mixin-0.15.2+mixin.0.8.7.jar%23198!/ Service=ModLauncher Env=CLIENT
[08:44:22] [fml-loadingscreen/INFO]: GL info: NVIDIA GeForce RTX 4060 Laptop GPU/PCIe/SSE2 GL version 3.2.0 NVIDIA 576.80, NVIDIA Corporation
[08:44:22] [main/INFO]: Found mod file "client-1.21.8-20250717.133445-srg.jar" [locator: production client provider +net.neoforged:neoforge:21.8.13:client]
[08:44:22] [main/INFO]: Found mod file "neoforge-21.8.13-universal.jar" [locator: PathBasedLocator[name=neoforge, paths=[D:\mc\testmc\.minecraft\libraries\net\neoforged\neoforge\21.8.13\neoforge-21.8.13-universal.jar]], reader: mod manifest]
[08:44:22] [main/INFO]: Found 2 dependencies adding them to mods collection
[08:44:22] [main/INFO]: Found gamelibrary file "mixinextras-neoforge-0.4.1.jar" [parent: neoforge-21.8.13-universal.jar, locator: jarinjar, reader: mod manifest]
[08:44:22] [main/INFO]: Found library file "net.neoforged.neoforge-coremods-21.8.13.jar" [parent: neoforge-21.8.13-universal.jar, locator: jarinjar, reader: mod manifest]
[08:44:22] [main/INFO]: 
     Mod List:
		Name Version (Mod Id)

		Minecraft 1.21.8 (minecraft)
		NeoForge 21.8.13 (neoforge)
[08:44:23] [main/INFO]: Launching target 'neoforgeclient' with arguments [--version, 1.21.8-NeoForge_21.8.13, --gameDir, D:\mc\testmc\.minecraft, --assetsDir, D:\mc\testmc\.minecraft\assets, --uuid, 6c03ec9536b9385cb35828d2fe101bc8, --username, 114514, --assetIndex, 26, --accessToken, ❄❄❄❄❄❄❄❄, --clientId, ${clientid}, --xuid, ${auth_xuid}, --userType, Legacy, --versionType, PCL.Nova.Plus, --width, 854, --height, 480]
[307月2025 08:44:26.434] [Datafixer Bootstrap/INFO] [com.mojang.datafixers.DataFixerBuilder/]: 272 Datafixer optimizations took 695 milliseconds
[307月2025 08:44:26.899] [pool-5-thread-1/INFO] [MixinExtras|Service/]: Initializing MixinExtras via com.llamalad7.mixinextras.service.MixinExtrasServiceImpl(version=0.4.1).
[307月2025 08:44:33.649] [modloading-worker-0/INFO] [net.neoforged.neoforge.common.NeoForgeMod/NEOFORGE-MOD]: NeoForge mod loading, version 21.8.13, for MC 1.21.8
[307月2025 08:44:34.309] [Render thread/WARN] [net.minecraft.server.packs.VanillaPackResourcesBuilder/]: Assets URL 'union:/D:/mc/testmc/.minecraft/libraries/net/minecraft/client/1.21.8-20250717.133445/client-1.21.8-20250717.133445-srg.jar%23210!/assets/.mcassetsroot' uses unexpected schema
[307月2025 08:44:34.312] [Render thread/WARN] [net.minecraft.server.packs.VanillaPackResourcesBuilder/]: Assets URL 'union:/D:/mc/testmc/.minecraft/libraries/net/minecraft/client/1.21.8-20250717.133445/client-1.21.8-20250717.133445-srg.jar%23210!/data/.mcassetsroot' uses unexpected schema
[307月2025 08:44:34.362] [Render thread/INFO] [com.mojang.authlib.yggdrasil.YggdrasilAuthenticationService/]: Environment: Environment[sessionHost=https://sessionserver.mojang.com, servicesHost=https://api.minecraftservices.com, name=PROD]
[307月2025 08:44:34.374] [Render thread/INFO] [net.minecraft.client.Minecraft/]: Setting user: 114514
[307月2025 08:44:34.599] [Render thread/INFO] [net.minecraft.client.Minecraft/]: Backend library: LWJGL version 3.3.3+5
[307月2025 08:44:34.762] [Render thread/INFO] [net.minecraft.client.Minecraft/]: Using optional rendering extensions: GL_ARB_buffer_storage, GL_KHR_debug, GL_ARB_vertex_attrib_binding, GL_ARB_direct_state_access
[307月2025 08:44:35.859] [Render thread/INFO] [net.minecraft.server.packs.resources.ReloadableResourceManager/]: Reloading ResourceManager: vanilla, mod_resources, mod/neoforge
[307月2025 08:44:36.123] [Worker-Main-10/INFO] [net.minecraft.client.gui.font.providers.UnihexProvider/]: Found unifont_all_no_pua-16.0.03.hex, loading
[307月2025 08:44:36.123] [Worker-Main-11/INFO] [net.minecraft.client.gui.font.providers.UnihexProvider/]: Found unifont_pua-16.0.03.hex, loading
[307月2025 08:44:36.138] [Worker-Main-19/INFO] [net.minecraft.client.gui.font.providers.UnihexProvider/]: Found unifont_jp_patch-16.0.03.hex, loading
[307月2025 08:44:39.073] [Render thread/INFO] [com.mojang.blaze3d.audio.Library/]: OpenAL initialized on device OpenAL Soft on 扬声器 (Realtek(R) Audio)
[307月2025 08:44:39.076] [Render thread/INFO] [net.minecraft.client.sounds.SoundEngine/SOUNDS]: Sound engine started
[307月2025 08:44:39.205] [Render thread/INFO] [net.minecraft.client.renderer.texture.TextureAtlas/]: Created: 1024x512x4 minecraft:textures/atlas/blocks.png-atlas
[307月2025 08:44:39.220] [Render thread/INFO] [net.minecraft.client.renderer.texture.TextureAtlas/]: Created: 256x256x4 minecraft:textures/atlas/signs.png-atlas
[307月2025 08:44:39.222] [Render thread/INFO] [net.minecraft.client.renderer.texture.TextureAtlas/]: Created: 512x512x4 minecraft:textures/atlas/shield_patterns.png-atlas
[307月2025 08:44:39.224] [Render thread/INFO] [net.minecraft.client.renderer.texture.TextureAtlas/]: Created: 512x512x4 minecraft:textures/atlas/banner_patterns.png-atlas
[307月2025 08:44:39.224] [Render thread/INFO] [net.minecraft.client.renderer.texture.TextureAtlas/]: Created: 2048x1024x4 minecraft:textures/atlas/armor_trims.png-atlas
[307月2025 08:44:39.233] [Render thread/INFO] [net.minecraft.client.renderer.texture.TextureAtlas/]: Created: 128x64x4 minecraft:textures/atlas/decorated_pot.png-atlas
[307月2025 08:44:39.233] [Render thread/INFO] [net.minecraft.client.renderer.texture.TextureAtlas/]: Created: 256x256x4 minecraft:textures/atlas/chest.png-atlas
[307月2025 08:44:39.234] [Render thread/INFO] [net.minecraft.client.renderer.texture.TextureAtlas/]: Created: 512x256x4 minecraft:textures/atlas/beds.png-atlas
[307月2025 08:44:39.234] [Render thread/INFO] [net.minecraft.client.renderer.texture.TextureAtlas/]: Created: 512x256x4 minecraft:textures/atlas/shulker_boxes.png-atlas
[307月2025 08:44:39.237] [Render thread/INFO] [net.minecraft.client.renderer.texture.TextureAtlas/]: Created: 64x64x0 minecraft:textures/atlas/map_decorations.png-atlas
[307月2025 08:44:39.441] [Render thread/INFO] [net.minecraft.client.renderer.texture.TextureAtlas/]: Created: 512x256x0 minecraft:textures/atlas/particles.png-atlas
[307月2025 08:44:39.443] [Render thread/INFO] [net.minecraft.client.renderer.texture.TextureAtlas/]: Created: 512x256x0 minecraft:textures/atlas/paintings.png-atlas
[307月2025 08:44:39.444] [Render thread/INFO] [net.minecraft.client.renderer.texture.TextureAtlas/]: Created: 1024x512x0 minecraft:textures/atlas/gui.png-atlas
[307月2025 08:44:39.452] [Render thread/INFO] [net.neoforged.neoforge.client.entity.animation.json.AnimationLoader/]: Loaded 0 entity animations
[307月2025 08:44:45.779] [Render thread/INFO] [net.minecraft.client.Minecraft/]: Stopping!
